<?xml version="1.0" encoding="UTF-8"?>
<!-- Generated by org.testng.reporters.JUnitReportReporter -->
<testsuite hostname="FEV-PC" failures="0" tests="7" name="com.selenium.Test.TestWiki1" time="59.207" errors="0" timestamp="2023-05-24T18:16:19 ART" skipped="0">
  <testcase classname="com.selenium.Test.TestWiki1" name="ValidarBusquedaWikipedia" time="8.043"/>
  <system-out>
    <![CDATA[Buscar el elemento Web Caja de Texto
Validar que esté deslplegada la caja de búsqueda
Ingresar el Text Selenium
Presionar Enter
Buscar el Título
Verificar que el título sea desplegado]]>
  </system-out>
  <testcase classname="com.selenium.Test.TestWiki1" name="ValidarBusquedaWikipedia" time="9.998"/>
  <system-out>
    <![CDATA[Buscar el elemento Web Caja de Texto
Validar que esté deslplegada la caja de búsqueda
Ingresar el Text Selenium
Presionar Enter
Buscar el Título
Verificar que el título sea desplegado]]>
  </system-out>
  <testcase classname="com.selenium.Test.TestWiki1" name="ValidarBusquedaWikipedia" time="8.108"/>
  <system-out>
    <![CDATA[Buscar el elemento Web Caja de Texto
Validar que esté deslplegada la caja de búsqueda
Ingresar el Text Selenium
Presionar Enter
Buscar el Título
Verificar que el título sea desplegado]]>
  </system-out>
  <testcase classname="com.selenium.Test.TestWiki1" name="ValidarListaWikipedia2" time="9.097"/>
  <system-out>
    <![CDATA[Buscar el elemento Web Caja de Texto
Validar que esté deslplegada la caja de búsqueda
Identificar el combo de idiomas
Ingresar el Text Selenium
Presionar Enter
Buscar el Título
Verificar que el título sea desplegado]]>
  </system-out>
  <testcase classname="com.selenium.Test.TestWiki1" name="ValidarListaWikipedia2" time="9.083"/>
  <system-out>
    <![CDATA[Buscar el elemento Web Caja de Texto
Validar que esté deslplegada la caja de búsqueda
Identificar el combo de idiomas
Ingresar el Text Selenium
Presionar Enter
Buscar el Título
Verificar que el título sea desplegado]]>
  </system-out>
  <testcase classname="com.selenium.Test.TestWiki1" name="VerificarElementosWikipedia" time="6.768"/>
  <system-out>
    <![CDATA[Buscar el elemento Web Caja de Texto
Verificar que esté deslplegada la caja de búsqueda
Verificar link en Español
Verificar link en Inglés
Verificar link en Ruso
Verificar link en Japonés
Verificar link en Alemán
Verificar link en Francés
Verificar link en Italiano
Verificar link en Chino
Verificar link en Persa
Verificar link en Portugués
Verificar ícono de Lupa desplegada
Verificar link en Fundación
Verificar link en Commons 
Verificar link en Wikiviajes
Verificar link en Wikcionario
Verificar link en Wikilibros
Verificar link en Wikinoticias
Verificar link en Wikidata
Verificar link en Wikiversidad
Verificar link en Wikiquote
Verificar link en MediaWiki
Verificar link en Wikisource
Verificar link en Wikispecies
Verificar link en Meta-Wiki
Verificar link en Google Play Store
Verificar link en Tienda de aplicaciones de Apple
Verificar link en Licencia
Verificar link en Términos
Verificar link en Nomativa]]>
  </system-out>
  <testcase classname="com.selenium.Test.TestWiki1" name="ValidarListaWikipedia2" time="8.110"/>
  <system-out>
    <![CDATA[Buscar el elemento Web Caja de Texto
Validar que esté deslplegada la caja de búsqueda
Identificar el combo de idiomas
Ingresar el Text Selenium
Presionar Enter
Buscar el Título
Verificar que el título sea desplegado]]>
  </system-out>
</testsuite> <!-- com.selenium.Test.TestWiki1 -->
