<?xml version="1.0" encoding="UTF-8"?>
<!-- Generated by org.testng.reporters.JUnitReportReporter -->
<testsuite hostname="FEV-PC" failures="0" tests="4" name="com.selenium.Test.TestCaseWiki2" time="32.519" errors="0" timestamp="2023-06-11T11:08:42 ART" skipped="0">
  <testcase classname="com.selenium.Test.TestCaseWiki2" name="validarCarTextNuevo" time="9.507"/>
  <system-out>
    <![CDATA[Localizar y comprobar que la caja de busqueda se muestra
Ingresar la palabra DATA DRIVEN TESTING
Presionar Enter
Validar que el título sea Data-driven testing
Valida que el título sea DATA DRIVEN TESTING
Localizar y comprobar que el titulo este disponible]]>
  </system-out>
  <testcase classname="com.selenium.Test.TestCaseWiki2" name="validarCarTextNuevo" time="7.715"/>
  <system-out>
    <![CDATA[Localizar y comprobar que la caja de busqueda se muestra
Ingresar la palabra Selenium
Presionar Enter
Validar que el título sea Selenium
Valida que el título sea Selenium
Localizar y comprobar que el titulo este disponible]]>
  </system-out>
  <testcase classname="com.selenium.Test.TestCaseWiki2" name="validarCarTextNuevo" time="7.612"/>
  <system-out>
    <![CDATA[Localizar y comprobar que la caja de busqueda se muestra
Ingresar la palabra TDD
Presionar Enter
Validar que el título sea Desarrollo guiado por pruebas
Valida que el título sea TDD
Localizar y comprobar que el titulo este disponible]]>
  </system-out>
  <testcase classname="com.selenium.Test.TestCaseWiki2" name="validarCarTextNuevo" time="7.685"/>
  <system-out>
    <![CDATA[Localizar y comprobar que la caja de busqueda se muestra
Ingresar la palabra JAVA
Presionar Enter
Validar que el título sea Java (lenguaje de programación)
Valida que el título sea JAVA
Localizar y comprobar que el titulo este disponible]]>
  </system-out>
</testsuite> <!-- com.selenium.Test.TestCaseWiki2 -->
